
[2026-02-26 00:31:46.966 +0100] DEBUG: /home/rapha/studio/scamsig/monotui/examples/pnpm-monorepo
[2026-02-26 00:31:47.064 +0100] DEBUG: /home/rapha/studio/scamsig/monotui/examples/pnpm-monorepo
[2026-02-26 00:31:47.222 +0100] DEBUG: Scanned Directories
    0: "/home/rapha/studio/scamsig/monotui/examples/pnpm-monorepo"
    1: "/home/rapha/studio/scamsig/monotui/examples/pnpm-monorepo/apps"
    2: "/home/rapha/studio/scamsig/monotui/examples/pnpm-monorepo/apps/admin"
    3: "/home/rapha/studio/scamsig/monotui/examples/pnpm-monorepo/apps/admin/src"
    4: "/home/rapha/studio/scamsig/monotui/examples/pnpm-monorepo/apps/api"
    5: "/home/rapha/studio/scamsig/monotui/examples/pnpm-monorepo/apps/api/src"
    6: "/home/rapha/studio/scamsig/monotui/examples/pnpm-monorepo/apps/web"
    7: "/home/rapha/studio/scamsig/monotui/examples/pnpm-monorepo/apps/web/src"
    8: "/home/rapha/studio/scamsig/monotui/examples/pnpm-monorepo/infra"
    9: "/home/rapha/studio/scamsig/monotui/examples/pnpm-monorepo/infra/mongodb"
    10: "/home/rapha/studio/scamsig/monotui/examples/pnpm-monorepo/infra/redis"
    11: "/home/rapha/studio/scamsig/monotui/examples/pnpm-monorepo/logs"
    12: "/home/rapha/studio/scamsig/monotui/examples/pnpm-monorepo/packages"
    13: "/home/rapha/studio/scamsig/monotui/examples/pnpm-monorepo/packages/ui"
    14: "/home/rapha/studio/scamsig/monotui/examples/pnpm-monorepo/packages/ui/src"
    15: "/home/rapha/studio/scamsig/monotui/examples/pnpm-monorepo/packages/ui/src/components"
[2026-02-26 00:31:47.227 +0100] DEBUG: Unresolved env variable $PORT in port mapping "${PORT}"
[2026-02-26 00:31:47.246 +0100] DEBUG: Unresolved env variable $PORT in port mapping "${PORT}"
[2026-02-26 00:31:47.256 +0100] DEBUG: Unresolved env variable $PORT in port mapping "${PORT}"
[2026-02-26 00:31:47.268 +0100] DEBUG: /home/rapha/studio/scamsig/monotui/examples/pnpm-monorepo
[2026-02-26 00:31:47.268 +0100] DEBUG: Workspace discovery result count: 7
